<html>
<head>
<title>TestNG:  Test</title>
<link href="../testng.css" rel="stylesheet" type="text/css" />
<link href="../my-testng.css" rel="stylesheet" type="text/css" />

<style type="text/css">
.log { display: none;} 
.stack-trace { display: none;} 
</style>
<script type="text/javascript">
<!--
function flip(e) {
  current = e.style.display;
  if (current == 'block') {
    e.style.display = 'none';
    return 0;
  }
  else {
    e.style.display = 'block';
    return 1;
  }
}

function toggleBox(szDivId, elem, msg1, msg2)
{
  var res = -1;  if (document.getElementById) {
    res = flip(document.getElementById(szDivId));
  }
  else if (document.all) {
    // this is the way old msie versions work
    res = flip(document.all[szDivId]);
  }
  if(elem) {
    if(res == 0) elem.innerHTML = msg1; else elem.innerHTML = msg2;
  }

}

function toggleAllBoxes() {
  if (document.getElementsByTagName) {
    d = document.getElementsByTagName('div');
    for (i = 0; i < d.length; i++) {
      if (d[i].className == 'log') {
        flip(d[i]);
      }
    }
  }
}

// -->
</script>

</head>
<body>
<h2 align='center'>Test</h2><table border='1' align="center">
<tr>
<td>Tests passed/Failed/Skipped:</td><td>7/0/1</td>
</tr><tr>
<td>Started on:</td><td>Fri Jun 07 15:51:15 EDT 2019</td>
</tr>
<tr><td>Total time:</td><td>34 seconds (34223 ms)</td>
</tr><tr>
<td>Included groups:</td><td></td>
</tr><tr>
<td>Excluded groups:</td><td></td>
</tr>
</table><p/>
<small><i>(Hover the method name to see the test class name)</i></small><p/>
<table width='100%' border='1' class='invocation-failed'>
<tr><td colspan='4' align='center'><b>FAILED CONFIGURATIONS</b></td></tr>
<tr><td><b>Test method</b></td>
<td width="30%"><b>Exception</b></td>
<td width="10%"><b>Time (seconds)</b></td>
<td><b>Instance</b></td>
</tr>
<tr>
<td title='qa.SignIn.LoginPage.versaPay.LandingPageTest.beforeMethodInLandingPage()'><b>beforeMethodInLandingPage</b><br>Test class: qa.SignIn.LoginPage.versaPay.LandingPageTest</td>
<td><div><pre>java.lang.RuntimeException: java.lang.reflect.InvocationTargetException
	at org.openqa.selenium.support.PageFactory.instantiatePage(PageFactory.java:138)
	at org.openqa.selenium.support.PageFactory.initElements(PageFactory.java:64)
	at qa.SignIn.LoginPage.versaPay.LandingPageTest.beforeMethodInLandingPage(LandingPageTest.java:14)
	at org.openqa.selenium.support.PageFactory.instantiatePage(PageFactory.java:129)
	... 28 more
Caused by: java.lang.NullPointerException
	at java.util.Objects.requireNonNull(Unknown Source)
	at org.openqa.selenium.support.ui.FluentWait.&lt;init&gt;(FluentWait.java:106)
	at org.openqa.selenium.support.ui.WebDriverWait.&lt;init&gt;(WebDriverWait.java:85)
	at org.openqa.selenium.support.ui.WebDriverWait.&lt;init&gt;(WebDriverWait.java:45)
	at qa.SignIn.LoginPage.versaPay.BasePage.&lt;init&gt;(BasePage.java:21)
	at qa.SignIn.LoginPage.versaPay.LandingPage.&lt;init&gt;(LandingPage.java:16)
	... 33 more
... Removed 31 stack frames</pre></div><a href='#' onClick='toggleBox("stack-trace1482166692", this, "Click to show all stack frames", "Click to hide stack frames")'>Click to show all stack frames</a>
<div class='stack-trace' id='stack-trace1482166692'><pre>java.lang.RuntimeException: java.lang.reflect.InvocationTargetException
	at org.openqa.selenium.support.PageFactory.instantiatePage(PageFactory.java:138)
	at org.openqa.selenium.support.PageFactory.initElements(PageFactory.java:64)
	at qa.SignIn.LoginPage.versaPay.LandingPageTest.beforeMethodInLandingPage(LandingPageTest.java:14)
	at sun.reflect.NativeMethodAccessorImpl.invoke0(Native Method)
	at sun.reflect.NativeMethodAccessorImpl.invoke(Unknown Source)
	at sun.reflect.DelegatingMethodAccessorImpl.invoke(Unknown Source)
	at java.lang.reflect.Method.invoke(Unknown Source)
	at org.testng.internal.MethodInvocationHelper.invokeMethod(MethodInvocationHelper.java:124)
	at org.testng.internal.MethodInvocationHelper.invokeMethodConsideringTimeout(MethodInvocationHelper.java:59)
	at org.testng.internal.Invoker.invokeConfigurationMethod(Invoker.java:458)
	at org.testng.internal.Invoker.invokeConfigurations(Invoker.java:222)
	at org.testng.internal.Invoker.invokeConfigurations(Invoker.java:142)
	at org.testng.internal.TestMethodWorker.invokeBeforeClassMethods(TestMethodWorker.java:168)
	at org.testng.internal.TestMethodWorker.run(TestMethodWorker.java:105)
	at org.testng.TestRunner.privateRun(TestRunner.java:648)
	at org.testng.TestRunner.run(TestRunner.java:505)
	at org.testng.SuiteRunner.runTest(SuiteRunner.java:455)
	at org.testng.SuiteRunner.runSequentially(SuiteRunner.java:450)
	at org.testng.SuiteRunner.privateRun(SuiteRunner.java:415)
	at org.testng.SuiteRunner.run(SuiteRunner.java:364)
	at org.testng.SuiteRunnerWorker.runSuite(SuiteRunnerWorker.java:52)
	at org.testng.SuiteRunnerWorker.run(SuiteRunnerWorker.java:84)
	at org.testng.TestNG.runSuitesSequentially(TestNG.java:1208)
	at org.testng.TestNG.runSuitesLocally(TestNG.java:1137)
	at org.testng.TestNG.runSuites(TestNG.java:1049)
	at org.testng.TestNG.run(TestNG.java:1017)
	at org.testng.remote.AbstractRemoteTestNG.run(AbstractRemoteTestNG.java:115)
	at org.testng.remote.RemoteTestNG.initAndRun(RemoteTestNG.java:251)
	at org.testng.remote.RemoteTestNG.main(RemoteTestNG.java:77)
Caused by: java.lang.reflect.InvocationTargetException
	at sun.reflect.NativeConstructorAccessorImpl.newInstance0(Native Method)
	at sun.reflect.NativeConstructorAccessorImpl.newInstance(Unknown Source)
	at sun.reflect.DelegatingConstructorAccessorImpl.newInstance(Unknown Source)
	at java.lang.reflect.Constructor.newInstance(Unknown Source)
	at org.openqa.selenium.support.PageFactory.instantiatePage(PageFactory.java:129)
	... 28 more
Caused by: java.lang.NullPointerException
	at java.util.Objects.requireNonNull(Unknown Source)
	at org.openqa.selenium.support.ui.FluentWait.&lt;init&gt;(FluentWait.java:106)
	at org.openqa.selenium.support.ui.WebDriverWait.&lt;init&gt;(WebDriverWait.java:85)
	at org.openqa.selenium.support.ui.WebDriverWait.&lt;init&gt;(WebDriverWait.java:45)
	at qa.SignIn.LoginPage.versaPay.BasePage.&lt;init&gt;(BasePage.java:21)
	at qa.SignIn.LoginPage.versaPay.LandingPage.&lt;init&gt;(LandingPage.java:16)
	... 33 more
</pre></div></td>
<td>0</td>
<td>qa.SignIn.LoginPage.versaPay.LandingPageTest@15761df8</td></tr>
</table><p>
<table width='100%' border='1' class='invocation-passed'>
<tr><td colspan='4' align='center'><b>PASSED TESTS</b></td></tr>
<tr><td><b>Test method</b></td>
<td width="30%"><b>Exception</b></td>
<td width="10%"><b>Time (seconds)</b></td>
<td><b>Instance</b></td>
</tr>
<tr>
<td title='qa.SignIn.LoginPage.versaPay.LoginPageTest.TC_02_loginWithEmptyEmailorPhone()'><b>TC_02_loginWithEmptyEmailorPhone</b><br>Test class: qa.SignIn.LoginPage.versaPay.LoginPageTest</td>
<td></td>
<td>2</td>
<td>qa.SignIn.LoginPage.versaPay.LoginPageTest@7c417213</td></tr>
<tr>
<td title='qa.SignIn.LoginPage.versaPay.LoginPageTest.TC_03_loginWithSpecialCharInEmailorPhone()'><b>TC_03_loginWithSpecialCharInEmailorPhone</b><br>Test class: qa.SignIn.LoginPage.versaPay.LoginPageTest</td>
<td></td>
<td>2</td>
<td>qa.SignIn.LoginPage.versaPay.LoginPageTest@7c417213</td></tr>
<tr>
<td title='qa.SignIn.LoginPage.versaPay.LoginPageTest.TC_04_loginWithEmptyPassword()'><b>TC_04_loginWithEmptyPassword</b><br>Test class: qa.SignIn.LoginPage.versaPay.LoginPageTest</td>
<td></td>
<td>4</td>
<td>qa.SignIn.LoginPage.versaPay.LoginPageTest@7c417213</td></tr>
<tr>
<td title='qa.SignIn.LoginPage.versaPay.LoginPageTest.TC_05_loginWithWrongPassword()'><b>TC_05_loginWithWrongPassword</b><br>Test class: qa.SignIn.LoginPage.versaPay.LoginPageTest</td>
<td></td>
<td>4</td>
<td>qa.SignIn.LoginPage.versaPay.LoginPageTest@7c417213</td></tr>
<tr>
<td title='qa.SignIn.LoginPage.versaPay.LoginPageTest.TC_06_ResetWithRegisteredEmail()'><b>TC_06_ResetWithRegisteredEmail</b><br>Test class: qa.SignIn.LoginPage.versaPay.LoginPageTest</td>
<td></td>
<td>2</td>
<td>qa.SignIn.LoginPage.versaPay.LoginPageTest@7c417213</td></tr>
<tr>
<td title='qa.SignIn.LoginPage.versaPay.LoginPageTest.TC_07_ResetWithLastPasswordUsed()'><b>TC_07_ResetWithLastPasswordUsed</b><br>Test class: qa.SignIn.LoginPage.versaPay.LoginPageTest</td>
<td></td>
<td>9</td>
<td>qa.SignIn.LoginPage.versaPay.LoginPageTest@7c417213</td></tr>
<tr>
<td title='qa.SignIn.LoginPage.versaPay.LoginPageTest.TC_08_loginWithCorrectUserIdAndPassword()'><b>TC_08_loginWithCorrectUserIdAndPassword</b><br>Test class: qa.SignIn.LoginPage.versaPay.LoginPageTest</td>
<td></td>
<td>4</td>
<td>qa.SignIn.LoginPage.versaPay.LoginPageTest@7c417213</td></tr>
</table><p>
<table width='100%' border='1' class='invocation-skipped'>
<tr><td colspan='4' align='center'><b>SKIPPED TESTS</b></td></tr>
<tr><td><b>Test method</b></td>
<td width="30%"><b>Exception</b></td>
<td width="10%"><b>Time (seconds)</b></td>
<td><b>Instance</b></td>
</tr>
<tr>
<td title='qa.SignIn.LoginPage.versaPay.LandingPageTest.TC_01_navigatingTologinPage()'><b>TC_01_navigatingTologinPage</b><br>Test class: qa.SignIn.LoginPage.versaPay.LandingPageTest</td>
<td><div><pre>java.lang.RuntimeException: java.lang.reflect.InvocationTargetException
	at org.openqa.selenium.support.PageFactory.instantiatePage(PageFactory.java:138)
	at org.openqa.selenium.support.PageFactory.initElements(PageFactory.java:64)
	at qa.SignIn.LoginPage.versaPay.LandingPageTest.beforeMethodInLandingPage(LandingPageTest.java:14)
	at org.openqa.selenium.support.PageFactory.instantiatePage(PageFactory.java:129)
	... 28 more
Caused by: java.lang.NullPointerException
	at java.util.Objects.requireNonNull(Unknown Source)
	at org.openqa.selenium.support.ui.FluentWait.&lt;init&gt;(FluentWait.java:106)
	at org.openqa.selenium.support.ui.WebDriverWait.&lt;init&gt;(WebDriverWait.java:85)
	at org.openqa.selenium.support.ui.WebDriverWait.&lt;init&gt;(WebDriverWait.java:45)
	at qa.SignIn.LoginPage.versaPay.BasePage.&lt;init&gt;(BasePage.java:21)
	at qa.SignIn.LoginPage.versaPay.LandingPage.&lt;init&gt;(LandingPage.java:16)
	... 33 more
... Removed 31 stack frames</pre></div><a href='#' onClick='toggleBox("stack-trace1409342262", this, "Click to show all stack frames", "Click to hide stack frames")'>Click to show all stack frames</a>
<div class='stack-trace' id='stack-trace1409342262'><pre>java.lang.RuntimeException: java.lang.reflect.InvocationTargetException
	at org.openqa.selenium.support.PageFactory.instantiatePage(PageFactory.java:138)
	at org.openqa.selenium.support.PageFactory.initElements(PageFactory.java:64)
	at qa.SignIn.LoginPage.versaPay.LandingPageTest.beforeMethodInLandingPage(LandingPageTest.java:14)
	at sun.reflect.NativeMethodAccessorImpl.invoke0(Native Method)
	at sun.reflect.NativeMethodAccessorImpl.invoke(Unknown Source)
	at sun.reflect.DelegatingMethodAccessorImpl.invoke(Unknown Source)
	at java.lang.reflect.Method.invoke(Unknown Source)
	at org.testng.internal.MethodInvocationHelper.invokeMethod(MethodInvocationHelper.java:124)
	at org.testng.internal.MethodInvocationHelper.invokeMethodConsideringTimeout(MethodInvocationHelper.java:59)
	at org.testng.internal.Invoker.invokeConfigurationMethod(Invoker.java:458)
	at org.testng.internal.Invoker.invokeConfigurations(Invoker.java:222)
	at org.testng.internal.Invoker.invokeConfigurations(Invoker.java:142)
	at org.testng.internal.TestMethodWorker.invokeBeforeClassMethods(TestMethodWorker.java:168)
	at org.testng.internal.TestMethodWorker.run(TestMethodWorker.java:105)
	at org.testng.TestRunner.privateRun(TestRunner.java:648)
	at org.testng.TestRunner.run(TestRunner.java:505)
	at org.testng.SuiteRunner.runTest(SuiteRunner.java:455)
	at org.testng.SuiteRunner.runSequentially(SuiteRunner.java:450)
	at org.testng.SuiteRunner.privateRun(SuiteRunner.java:415)
	at org.testng.SuiteRunner.run(SuiteRunner.java:364)
	at org.testng.SuiteRunnerWorker.runSuite(SuiteRunnerWorker.java:52)
	at org.testng.SuiteRunnerWorker.run(SuiteRunnerWorker.java:84)
	at org.testng.TestNG.runSuitesSequentially(TestNG.java:1208)
	at org.testng.TestNG.runSuitesLocally(TestNG.java:1137)
	at org.testng.TestNG.runSuites(TestNG.java:1049)
	at org.testng.TestNG.run(TestNG.java:1017)
	at org.testng.remote.AbstractRemoteTestNG.run(AbstractRemoteTestNG.java:115)
	at org.testng.remote.RemoteTestNG.initAndRun(RemoteTestNG.java:251)
	at org.testng.remote.RemoteTestNG.main(RemoteTestNG.java:77)
Caused by: java.lang.reflect.InvocationTargetException
	at sun.reflect.NativeConstructorAccessorImpl.newInstance0(Native Method)
	at sun.reflect.NativeConstructorAccessorImpl.newInstance(Unknown Source)
	at sun.reflect.DelegatingConstructorAccessorImpl.newInstance(Unknown Source)
	at java.lang.reflect.Constructor.newInstance(Unknown Source)
	at org.openqa.selenium.support.PageFactory.instantiatePage(PageFactory.java:129)
	... 28 more
Caused by: java.lang.NullPointerException
	at java.util.Objects.requireNonNull(Unknown Source)
	at org.openqa.selenium.support.ui.FluentWait.&lt;init&gt;(FluentWait.java:106)
	at org.openqa.selenium.support.ui.WebDriverWait.&lt;init&gt;(WebDriverWait.java:85)
	at org.openqa.selenium.support.ui.WebDriverWait.&lt;init&gt;(WebDriverWait.java:45)
	at qa.SignIn.LoginPage.versaPay.BasePage.&lt;init&gt;(BasePage.java:21)
	at qa.SignIn.LoginPage.versaPay.LandingPage.&lt;init&gt;(LandingPage.java:16)
	... 33 more
</pre></div></td>
<td>0</td>
<td>qa.SignIn.LoginPage.versaPay.LandingPageTest@15761df8</td></tr>
</table><p>
</body>
</html>