<?xml version="1.0" encoding="UTF-8"?>
<!-- Generated by org.testng.reporters.JUnitXMLReporter -->
<testsuite hostname="VIKRAM" ignored="2" name="Test" tests="8" failures="0" timestamp="07 Jun 2019 19:51:49 GMT" time="34.223" errors="0">
  <testcase name="@BeforeClass beforeMethodInLandingPage" time="0.002" classname="qa.SignIn.LoginPage.versaPay.LandingPageTest">
    <failure type="java.lang.RuntimeException" message="java.lang.reflect.InvocationTargetException">
      <![CDATA[java.lang.RuntimeException: java.lang.reflect.InvocationTargetException
at org.openqa.selenium.support.PageFactory.instantiatePage(PageFactory.java:138)
at org.openqa.selenium.support.PageFactory.initElements(PageFactory.java:64)
at qa.SignIn.LoginPage.versaPay.LandingPageTest.beforeMethodInLandingPage(LandingPageTest.java:14)
at org.openqa.selenium.support.PageFactory.instantiatePage(PageFactory.java:129)
... 28 more
Caused by: java.lang.NullPointerException
at java.util.Objects.requireNonNull(Unknown Source)
at org.openqa.selenium.support.ui.FluentWait.<init>(FluentWait.java:106)
at org.openqa.selenium.support.ui.WebDriverWait.<init>(WebDriverWait.java:85)
at org.openqa.selenium.support.ui.WebDriverWait.<init>(WebDriverWait.java:45)
at qa.SignIn.LoginPage.versaPay.BasePage.<init>(BasePage.java:21)
at qa.SignIn.LoginPage.versaPay.LandingPage.<init>(LandingPage.java:16)
... 33 more
... Removed 31 stack frames]]>
    </failure>
  </testcase> <!-- @BeforeClass beforeMethodInLandingPage -->
  <testcase name="TC_02_loginWithEmptyEmailorPhone" time="2.369" classname="qa.SignIn.LoginPage.versaPay.LoginPageTest"/>
  <testcase name="TC_03_loginWithSpecialCharInEmailorPhone" time="2.782" classname="qa.SignIn.LoginPage.versaPay.LoginPageTest"/>
  <testcase name="TC_04_loginWithEmptyPassword" time="4.403" classname="qa.SignIn.LoginPage.versaPay.LoginPageTest"/>
  <testcase name="TC_05_loginWithWrongPassword" time="4.619" classname="qa.SignIn.LoginPage.versaPay.LoginPageTest"/>
  <testcase name="TC_06_ResetWithRegisteredEmail" time="2.71" classname="qa.SignIn.LoginPage.versaPay.LoginPageTest"/>
  <testcase name="TC_07_ResetWithLastPasswordUsed" time="9.444" classname="qa.SignIn.LoginPage.versaPay.LoginPageTest"/>
  <testcase name="TC_08_loginWithCorrectUserIdAndPassword" time="4.399" classname="qa.SignIn.LoginPage.versaPay.LoginPageTest"/>
  <testcase name="TC_01_navigatingTologinPage" time="0.0" classname="qa.SignIn.LoginPage.versaPay.LandingPageTest">
    <skipped/>
  </testcase> <!-- TC_01_navigatingTologinPage -->
  <testcase name="@AfterSuite afterMethodInBaseTest" time="0.0" classname="qa.SignIn.LoginPage.versaPay.BasePageTest">
    <ignored/>
  </testcase> <!-- @AfterSuite afterMethodInBaseTest -->
  <testcase name="@BeforeSuite setUpInParent" time="0.0" classname="qa.SignIn.LoginPage.versaPay.BasePageTest">
    <ignored/>
  </testcase> <!-- @BeforeSuite setUpInParent -->
</testsuite> <!-- Test -->
